#
# A fatal error has been detected by the Java Runtime Environment:
#
#  EXCEPTION_ACCESS_VIOLATION (0xc0000005) at pc=0x00007ff9007702f6, pid=2448, tid=6668
#
# JRE version: OpenJDK Runtime Environment Temurin-17.0.9+9 (17.0.9+9) (build 17.0.9+9)
# Java VM: OpenJDK 64-Bit Server VM Temurin-17.0.9+9 (17.0.9+9, mixed mode, tiered, compressed oops, compressed class ptrs, parallel gc, windows-amd64)
# Problematic frame:
# V  [jvm.dll+0x1c02f6]
#
# No core dump will be written. Minidumps are not enabled by default on client versions of Windows
#
# If you would like to submit a bug report, please visit:
#   https://github.com/adoptium/adoptium-support/issues
#

---------------  S U M M A R Y ------------

Command Line: --add-modules=ALL-SYSTEM --add-opens=java.base/java.util=ALL-UNNAMED --add-opens=java.base/java.lang=ALL-UNNAMED --add-opens=java.base/sun.nio.fs=ALL-UNNAMED -Declipse.application=org.eclipse.jdt.ls.core.id1 -Dosgi.bundles.defaultStartLevel=4 -Declipse.product=org.eclipse.jdt.ls.core.product -Djava.import.generatesMetadataFilesAtProjectRoot=false -DDetectVMInstallationsJob.disabled=true -Dfile.encoding=utf8 -XX:+UseParallelGC -XX:GCTimeRatio=4 -XX:AdaptiveSizePolicyWeight=90 -Dsun.zip.disableMemoryMapping=true -Xmx1G -Xms100m -Xlog:disable -javaagent:c:\Users\Family\.vscode\extensions\redhat.java-1.25.1-win32-x64\lombok\lombok-1.18.30.jar -XX:+HeapDumpOnOutOfMemoryError -XX:HeapDumpPath=c:\Users\Family\AppData\Roaming\Code\User\workspaceStorage\f32b7c70ad0bd504abc5c17fd117a6f1\redhat.java -Daether.dependencyCollector.impl=bf c:\Users\Family\.vscode\extensions\redhat.java-1.25.1-win32-x64\server\plugins\org.eclipse.equinox.launcher_1.6.600.v20231106-1826.jar -configuration c:\Users\Family\AppData\Roaming\Code\User\globalStorage\redhat.java\1.25.1\config_win -data c:\Users\Family\AppData\Roaming\Code\User\workspaceStorage\f32b7c70ad0bd504abc5c17fd117a6f1\redhat.java\jdt_ws --stdio

Host: Intel(R) Core(TM) i3-1005G1 CPU @ 1.20GHz, 4 cores, 7G,  Windows 10 , 64 bit Build 19041 (10.0.19041.3636)
Time: Wed Dec 13 17:24:06 2023 RTZ 2 (s 10 , 64 bit Build 19041 (10.0.19041.3636) elapsed time: 24.050799 seconds (0d 0h 0m 24s)

---------------  T H R E A D  ---------------

Current thread (0x000001a64f845ee0):  JavaThread "C2 CompilerThread0" daemon [_thread_in_native, id=6668, stack(0x0000007ac6600000,0x0000007ac6700000)]


Current CompileTask:
C2:  24050 7848       4       org.eclipse.jdt.internal.compiler.lookup.LookupEnvironment::getTypeFromTypeSignature (770 bytes)

Stack: [0x0000007ac6600000,0x0000007ac6700000],  sp=0x0000007ac66fb5a0,  free space=1005k
Native frames: (J=compiled Java code, j=interpreted, Vv=VM code, C=native code)
V  [jvm.dll+0x1c02f6]
V  [jvm.dll+0x36722b]
V  [jvm.dll+0x3661a5]
V  [jvm.dll+0x1bd756]
V  [jvm.dll+0x21a709]
V  [jvm.dll+0x2199d1]
V  [jvm.dll+0x1a57cd]
V  [jvm.dll+0x2297ae]
V  [jvm.dll+0x22797c]
V  [jvm.dll+0x7e9877]
V  [jvm.dll+0x7e3c3a]
V  [jvm.dll+0x67be35]
C  [ucrtbase.dll+0x21bb2]
C  [KERNEL32.DLL+0x17344]
C  [ntdll.dll+0x526b1]


siginfo: EXCEPTION_ACCESS_VIOLATION (0xc0000005), reading address 0x000001a4581a1038


Registers:
RAX=0x000001a4581a1008, RBX=0x000001a657d27290, RCX=0x0000000000000006, RDX=0x000000000000064c
RSP=0x0000007ac66fb5a0, RBP=0x0000007ac66fb920, RSI=0x0000000000003bea, RDI=0x000000000000064c
R8 =0x000000000000064c, R9 =0x0000000000000080, R10=0x0000000000400000, R11=0x0000000000000000
R12=0x0000000000003bea, R13=0x000001a656a7fe70, R14=0x0000007ac66fbcb0, R15=0x0000000000000000
RIP=0x00007ff9007702f6, EFLAGS=0x0000000000010206


Register to memory mapping:

RIP=0x00007ff9007702f6 jvm.dll
RAX=0x000001a4581a1008 is an unknown value
RBX=0x000001a657d27290 points into unknown readable memory: 0x0000000000000000 | 00 00 00 00 00 00 00 00
RCX=0x0000000000000006 is an unknown value
RDX=0x000000000000064c is an unknown value
RSP=0x0000007ac66fb5a0 is pointing into the stack for thread: 0x000001a64f845ee0
RBP=0x0000007ac66fb920 is pointing into the stack for thread: 0x000001a64f845ee0
RSI=0x0000000000003bea is an unknown value
RDI=0x000000000000064c is an unknown value
R8 =0x000000000000064c is an unknown value
R9 =0x0000000000000080 is an unknown value
R10=0x0000000000400000 is an unknown value
R11=0x0 is NULL
R12=0x0000000000003bea is an unknown value
R13=0x000001a656a7fe70 points into unknown readable memory: 0x00007ff900ee0b18 | 18 0b ee 00 f9 7f 00 00
R14=0x0000007ac66fbcb0 is pointing into the stack for thread: 0x000001a64f845ee0
R15=0x0 is NULL


Top of Stack: (sp=0x0000007ac66fb5a0)
0x0000007ac66fb5a0:   000001a657b740b0 0000007ac66fb920
0x0000007ac66fb5b0:   00007ff901133d48 ffffffffffffffff
0x0000007ac66fb5c0:   000001a662269490 00007ff90091722b
0x0000007ac66fb5d0:   000001a6624b7130 000001a6624b7130
0x0000007ac66fb5e0:   0000007ac66fe600 0000000000003bef
0x0000007ac66fb5f0:   0000000000000080 000000020000064c
0x0000007ac66fb600:   0000004500000007 000001a6626ebde0
0x0000007ac66fb610:   000001a6626ec688 0000007ac66fb710
0x0000007ac66fb620:   0000000000000002 0000000000000000
0x0000007ac66fb630:   000001a6624b7130 00007ff9009161a5
0x0000007ac66fb640:   000000000000000c 0000007ac66fb740
0x0000007ac66fb650:   0000007ac66fbcb0 00007ff9742d47b1
0x0000007ac66fb660:   0000007ac66fb680 000001a600000006
0x0000007ac66fb670:   0000000b00000024 000000000000000c
0x0000007ac66fb680:   0000002400000000 0000000e00000040
0x0000007ac66fb690:   0000000000000000 0000002600000002
0x0000007ac66fb6a0:   0000000d0000000c 0000000000000000
0x0000007ac66fb6b0:   0000000000000025 000001a661768a20
0x0000007ac66fb6c0:   0000000000000432 000000000000000c
0x0000007ac66fb6d0:   0000000000000000 000000010000440f
0x0000007ac66fb6e0:   0000004500000045 000001a6626ebe60
0x0000007ac66fb6f0:   000001a6626ec460 0000007ac66fb710
0x0000007ac66fb700:   000001a661768a8c 000001a661768a94
0x0000007ac66fb710:   0000004500000010 000001a6626ec688
0x0000007ac66fb720:   0000007ac66fe600 0000007ac66fb990
0x0000007ac66fb730:   000001a662599038 0000000000000000
0x0000007ac66fb740:   000001a661c53d70 00007ff90065cc41
0x0000007ac66fb750:   000001a66199cb28 000000000000013d
0x0000007ac66fb760:   000001a64f806230 0000000000000774
0x0000007ac66fb770:   000001a661c53d70 00007ff900b1769d
0x0000007ac66fb780:   000000000000002c 0000000000000775
0x0000007ac66fb790:   0000000000000000 0000000000000000 

Instructions: (pc=0x00007ff9007702f6)
0x00007ff9007701f6:   00 00 83 f8 01 76 17 f7 83 a8 00 00 00 00 02 00
0x00007ff900770206:   00 75 0b 8b d0 48 8d 4b 38 e8 9c c3 50 00 48 83
0x00007ff900770216:   bb 88 00 00 00 00 7d 07 b8 ff ff 0f 00 eb 09 48
0x00007ff900770226:   8d 4b 38 e8 82 c2 50 00 0f b7 8b 9c 00 00 00 3b
0x00007ff900770236:   c1 89 83 98 00 00 00 79 11 81 8b a8 00 00 00 80
0x00007ff900770246:   00 00 00 c7 43 30 2f 75 00 00 ff c7 c7 43 34 00
0x00007ff900770256:   00 00 00 3b be e0 00 00 00 0f 82 7b ff ff ff 48
0x00007ff900770266:   81 c4 80 00 00 00 5f 5e 5b c3 49 fe 1b 00 db fe
0x00007ff900770276:   1b 00 49 fe 1b 00 49 fe 1b 00 c6 fd 1b 00 49 fe
0x00007ff900770286:   1b 00 09 fe 1b 00 09 fe 1b 00 8d fe 1b 00 49 fe
0x00007ff900770296:   1b 00 61 fe 1b 00 77 fe 1b 00 8d fe 1b 00 a3 fe
0x00007ff9007702a6:   1b 00 61 fe 1b 00 49 fe 1b 00 48 8b 41 58 48 63
0x00007ff9007702b6:   48 10 48 8d 05 35 ec 96 00 48 c1 e1 05 8b 04 01
0x00007ff9007702c6:   c3 cc cc cc cc cc cc cc cc cc 40 53 48 83 ec 20
0x00007ff9007702d6:   48 8b d9 85 d2 75 08 32 c0 48 83 c4 20 5b c3 48
0x00007ff9007702e6:   8b 43 08 8b ca 48 c1 e9 08 48 89 7c 24 30 8b fa
0x00007ff9007702f6:   4c 8b 04 c8 48 8d 05 47 3a 9c 00 4c 3b c0 75 0b
0x00007ff900770306:   48 8b cb e8 82 be 1a 00 4c 8b c0 40 0f b6 cf ba
0x00007ff900770316:   01 00 00 00 48 c1 ef 06 80 e1 3f 83 e7 03 48 d3
0x00007ff900770326:   e2 49 8b 0c f8 48 8b c1 48 0b c2 49 89 04 f8 48
0x00007ff900770336:   8b 7c 24 30 48 23 ca 75 02 ff 03 48 85 c9 0f 94
0x00007ff900770346:   c0 48 83 c4 20 5b c3 cc cc cc 44 8b d2 41 3b d0
0x00007ff900770356:   7c 47 41 8d 80 c0 02 00 00 3b d0 7d 3c 44 8b ca
0x00007ff900770366:   45 2b c8 41 8b c1 83 e0 3f 0f b6 d0 41 8b c1 48
0x00007ff900770376:   c1 e8 06 48 8b 44 c1 38 48 0f a3 d0 73 1b 0f b7
0x00007ff900770386:   81 9c 00 00 00 83 f8 01 74 0c 8d 48 ff 8b c1 41
0x00007ff900770396:   23 c2 3b c1 75 03 b0 01 c3 32 c0 c3 cc cc cc cc
0x00007ff9007703a6:   cc cc cc cc cc cc cc cc cc cc 40 57 41 57 48 83
0x00007ff9007703b6:   ec 38 4c 8b 41 48 33 ff 48 89 5c 24 58 4c 8b f9
0x00007ff9007703c6:   48 89 74 24 68 4c 89 64 24 30 44 8b e7 4c 89 6c
0x00007ff9007703d6:   24 28 44 8b ef 41 39 78 40 0f 86 ba 00 00 00 48
0x00007ff9007703e6:   89 6c 24 60 4c 89 74 24 20 90 49 8b 40 30 8b ef 


Stack slot to memory mapping:
stack at sp + 0 slots: 0x000001a657b740b0 points into unknown readable memory: 0x0000001100000004 | 04 00 00 00 11 00 00 00
stack at sp + 1 slots: 0x0000007ac66fb920 is pointing into the stack for thread: 0x000001a64f845ee0
stack at sp + 2 slots: 0x00007ff901133d48 jvm.dll
stack at sp + 3 slots: 0xffffffffffffffff is an unknown value
stack at sp + 4 slots: 0x000001a662269490 points into unknown readable memory: 0x3fbbdd709b1ff1a6 | a6 f1 1f 9b 70 dd bb 3f
stack at sp + 5 slots: 0x00007ff90091722b jvm.dll
stack at sp + 6 slots: 0x000001a6624b7130 points into unknown readable memory: 0x3e68f85ea69bed16 | 16 ed 9b a6 5e f8 68 3e
stack at sp + 7 slots: 0x000001a6624b7130 points into unknown readable memory: 0x3e68f85ea69bed16 | 16 ed 9b a6 5e f8 68 3e


---------------  P R O C E S S  ---------------

Threads class SMR info:
_java_thread_list=0x000001a6616711a0, length=32, elements={
0x000001a63b9da5b0, 0x000001a64f819380, 0x000001a64f81a6e0, 0x000001a64f842cf0,
0x000001a64f8437c0, 0x000001a64f844380, 0x000001a64f844f40, 0x000001a64f845ee0,
0x000001a654a2f2f0, 0x000001a654a343a0, 0x000001a654a892e0, 0x000001a654cda030,
0x000001a654f1b430, 0x000001a654f1a500, 0x000001a654f19ff0, 0x000001a654f1d290,
0x000001a654f1be50, 0x000001a654f1cd80, 0x000001a654f1d7a0, 0x000001a654f1aa10,
0x000001a654f1af20, 0x000001a655fa0c50, 0x000001a655fa1160, 0x000001a655fa1670,
0x000001a655f9dec0, 0x000001a655fa25a0, 0x000001a655f9e3d0, 0x000001a655fa34d0,
0x000001a655f9e8e0, 0x000001a655f9fd20, 0x000001a655f9c570, 0x000001a656e9bd20
}

Java Threads: ( => current thread )
  0x000001a63b9da5b0 JavaThread "main" [_thread_blocked, id=13764, stack(0x0000007ac5d00000,0x0000007ac5e00000)]
  0x000001a64f819380 JavaThread "Reference Handler" daemon [_thread_blocked, id=12604, stack(0x0000007ac6000000,0x0000007ac6100000)]
  0x000001a64f81a6e0 JavaThread "Finalizer" daemon [_thread_blocked, id=7216, stack(0x0000007ac6100000,0x0000007ac6200000)]
  0x000001a64f842cf0 JavaThread "Signal Dispatcher" daemon [_thread_blocked, id=1304, stack(0x0000007ac6200000,0x0000007ac6300000)]
  0x000001a64f8437c0 JavaThread "Attach Listener" daemon [_thread_blocked, id=5400, stack(0x0000007ac6300000,0x0000007ac6400000)]
  0x000001a64f844380 JavaThread "Service Thread" daemon [_thread_blocked, id=1552, stack(0x0000007ac6400000,0x0000007ac6500000)]
  0x000001a64f844f40 JavaThread "Monitor Deflation Thread" daemon [_thread_blocked, id=2656, stack(0x0000007ac6500000,0x0000007ac6600000)]
=>0x000001a64f845ee0 JavaThread "C2 CompilerThread0" daemon [_thread_in_native, id=6668, stack(0x0000007ac6600000,0x0000007ac6700000)]
  0x000001a654a2f2f0 JavaThread "C1 CompilerThread0" daemon [_thread_blocked, id=11248, stack(0x0000007ac6700000,0x0000007ac6800000)]
  0x000001a654a343a0 JavaThread "Sweeper thread" daemon [_thread_blocked, id=13420, stack(0x0000007ac6800000,0x0000007ac6900000)]
  0x000001a654a892e0 JavaThread "Common-Cleaner" daemon [_thread_blocked, id=8628, stack(0x0000007ac6900000,0x0000007ac6a00000)]
  0x000001a654cda030 JavaThread "Notification Thread" daemon [_thread_blocked, id=9032, stack(0x0000007ac6a00000,0x0000007ac6b00000)]
  0x000001a654f1b430 JavaThread "Active Thread: Equinox Container: 01ec46d7-65d8-4f98-91d1-547c0d461c95" [_thread_blocked, id=13276, stack(0x0000007ac7000000,0x0000007ac7100000)]
  0x000001a654f1a500 JavaThread "Framework Event Dispatcher: Equinox Container: 01ec46d7-65d8-4f98-91d1-547c0d461c95" daemon [_thread_blocked, id=3412, stack(0x0000007ac7100000,0x0000007ac7200000)]
  0x000001a654f19ff0 JavaThread "Start Level: Equinox Container: 01ec46d7-65d8-4f98-91d1-547c0d461c95" daemon [_thread_blocked, id=6300, stack(0x0000007ac7200000,0x0000007ac7300000)]
  0x000001a654f1d290 JavaThread "Bundle File Closer" daemon [_thread_blocked, id=13392, stack(0x0000007ac7300000,0x0000007ac7400000)]
  0x000001a654f1be50 JavaThread "SCR Component Actor" daemon [_thread_blocked, id=4640, stack(0x0000007ac7400000,0x0000007ac7500000)]
  0x000001a654f1cd80 JavaThread "Worker-JM" [_thread_blocked, id=3028, stack(0x0000007ac6f00000,0x0000007ac7000000)]
  0x000001a654f1d7a0 JavaThread "Worker-0" [_thread_blocked, id=7916, stack(0x0000007ac7600000,0x0000007ac7700000)]
  0x000001a654f1aa10 JavaThread "Worker-1" [_thread_blocked, id=1344, stack(0x0000007ac7700000,0x0000007ac7800000)]
  0x000001a654f1af20 JavaThread "Worker-2" [_thread_blocked, id=1500, stack(0x0000007ac7800000,0x0000007ac7900000)]
  0x000001a655fa0c50 JavaThread "Worker-3" [_thread_blocked, id=7668, stack(0x0000007ac7900000,0x0000007ac7a00000)]
  0x000001a655fa1160 JavaThread "Java indexing" daemon [_thread_blocked, id=3248, stack(0x0000007ac7a00000,0x0000007ac7b00000)]
  0x000001a655fa1670 JavaThread "Worker-4" [_thread_blocked, id=9508, stack(0x0000007ac7b00000,0x0000007ac7c00000)]
  0x000001a655f9dec0 JavaThread "JNA Cleaner" daemon [_thread_blocked, id=3872, stack(0x0000007ac7d00000,0x0000007ac7e00000)]
  0x000001a655fa25a0 JavaThread "pool-2-thread-1" [_thread_blocked, id=4448, stack(0x0000007ac7e00000,0x0000007ac7f00000)]
  0x000001a655f9e3d0 JavaThread "WorkspaceEventsHandler" [_thread_blocked, id=2308, stack(0x0000007ac7f00000,0x0000007ac8000000)]
  0x000001a655fa34d0 JavaThread "pool-1-thread-1" [_thread_in_native, id=10128, stack(0x0000007ac8000000,0x0000007ac8100000)]
  0x000001a655f9e8e0 JavaThread "ForkJoinPool.commonPool-worker-1" daemon [_thread_blocked, id=2204, stack(0x0000007ac7c00000,0x0000007ac7d00000)]
  0x000001a655f9fd20 JavaThread "ForkJoinPool.commonPool-worker-2" daemon [_thread_blocked, id=6832, stack(0x0000007ac8100000,0x0000007ac8200000)]
  0x000001a655f9c570 JavaThread "ForkJoinPool.commonPool-worker-3" daemon [_thread_blocked, id=3232, stack(0x0000007ac8200000,0x0000007ac8300000)]
  0x000001a656e9bd20 JavaThread "C2 CompilerThread1" daemon [_thread_in_native, id=7040, stack(0x0000007ac7500000,0x0000007ac7600000)]

Other Threads:
  0x000001a64f803210 VMThread "VM Thread" [stack: 0x0000007ac5f00000,0x0000007ac6000000] [id=13744]
  0x000001a654cda510 WatcherThread [stack: 0x0000007ac6b00000,0x0000007ac6c00000] [id=5980]
  0x000001a63b9ed3c0 GCTaskThread "GC Thread#0" [stack: 0x0000007ac5e00000,0x0000007ac5f00000] [id=8388]
  0x000001a6551bbc90 GCTaskThread "GC Thread#1" [stack: 0x0000007ac6c00000,0x0000007ac6d00000] [id=7256]
  0x000001a655069c40 GCTaskThread "GC Thread#2" [stack: 0x0000007ac6d00000,0x0000007ac6e00000] [id=8536]
  0x000001a655069f00 GCTaskThread "GC Thread#3" [stack: 0x0000007ac6e00000,0x0000007ac6f00000] [id=400]

Threads with active compile tasks:
C2 CompilerThread0    24099 7848       4       org.eclipse.jdt.internal.compiler.lookup.LookupEnvironment::getTypeFromTypeSignature (770 bytes)
C2 CompilerThread1    24099 8134       4       org.eclipse.jdt.internal.compiler.lookup.BinaryTypeBinding::createMethod (1717 bytes)

VM state: not at safepoint (normal execution)

VM Mutex/Monitor currently owned by a thread: None

Heap address: 0x00000000c0000000, size: 1024 MB, Compressed Oops mode: 32-bit

CDS archive(s) not mapped
Compressed class space mapped at: 0x0000000100000000-0x0000000140000000, reserved size: 1073741824
Narrow klass base: 0x0000000000000000, Narrow klass shift: 3, Narrow klass range: 0x140000000

GC Precious Log:
 CPUs: 4 total, 4 available
 Memory: 7969M
 Large Page Support: Disabled
 NUMA Support: Disabled
 Compressed Oops: Enabled (32-bit)
 Alignments: Space 512K, Generation 512K, Heap 2M
 Heap Min Capacity: 100M
 Heap Initial Capacity: 100M
 Heap Max Capacity: 1G
 Pre-touch: Disabled
 Parallel Workers: 4

Heap:
 PSYoungGen      total 17920K, used 9429K [0x00000000eab00000, 0x00000000ec600000, 0x0000000100000000)
  eden space 16896K, 51% used [0x00000000eab00000,0x00000000eb38d518,0x00000000ebb80000)
  from space 1024K, 65% used [0x00000000ec500000,0x00000000ec5a8000,0x00000000ec600000)
  to   space 1536K, 0% used [0x00000000ec300000,0x00000000ec300000,0x00000000ec480000)
 ParOldGen       total 101376K, used 89501K [0x00000000c0000000, 0x00000000c6300000, 0x00000000eab00000)
  object space 101376K, 88% used [0x00000000c0000000,0x00000000c5767638,0x00000000c6300000)
 Metaspace       used 69366K, committed 70528K, reserved 1114112K
  class space    used 7407K, committed 7872K, reserved 1048576K

Card table byte_map: [0x000001a63b350000,0x000001a63b560000] _byte_map_base: 0x000001a63ad50000

Marking Bits: (ParMarkBitMap*) 0x00007ff90114d0b0
 Begin Bits: [0x000001a64d650000, 0x000001a64e650000)
 End Bits:   [0x000001a64e650000, 0x000001a64f650000)

Polling page: 0x000001a639990000

Metaspace:

Usage:
  Non-class:     60.51 MB used.
      Class:      7.23 MB used.
       Both:     67.74 MB used.

Virtual space:
  Non-class space:       64.00 MB reserved,      61.19 MB ( 96%) committed,  1 nodes.
      Class space:        1.00 GB reserved,       7.69 MB ( <1%) committed,  1 nodes.
             Both:        1.06 GB reserved,      68.88 MB (  6%) committed. 

Chunk freelists:
   Non-Class:  2.53 MB
       Class:  8.19 MB
        Both:  10.72 MB

MaxMetaspaceSize: unlimited
CompressedClassSpaceSize: 1.00 GB
Initial GC threshold: 21.00 MB
Current GC threshold: 107.62 MB
CDS: off
MetaspaceReclaimPolicy: balanced
 - commit_granule_bytes: 65536.
 - commit_granule_words: 8192.
 - virtual_space_node_default_size: 8388608.
 - enlarge_chunks_in_place: 1.
 - new_chunks_are_fully_committed: 0.
 - uncommit_free_chunks: 1.
 - use_allocation_guard: 0.
 - handle_deallocations: 1.


Internal statistics:

num_allocs_failed_limit: 9.
num_arena_births: 588.
num_arena_deaths: 14.
num_vsnodes_births: 2.
num_vsnodes_deaths: 0.
num_space_committed: 1102.
num_space_uncommitted: 0.
num_chunks_returned_to_freelist: 23.
num_chunks_taken_from_freelist: 3426.
num_chunk_merges: 13.
num_chunk_splits: 2125.
num_chunks_enlarged: 1228.
num_inconsistent_stats: 0.

CodeHeap 'non-profiled nmethods': size=120000Kb used=4461Kb max_used=4461Kb free=115538Kb
 bounds [0x000001a646120000, 0x000001a646580000, 0x000001a64d650000]
CodeHeap 'profiled nmethods': size=120000Kb used=14981Kb max_used=15047Kb free=105018Kb
 bounds [0x000001a63e650000, 0x000001a63f510000, 0x000001a645b80000]
CodeHeap 'non-nmethods': size=5760Kb used=1356Kb max_used=1435Kb free=4403Kb
 bounds [0x000001a645b80000, 0x000001a645df0000, 0x000001a646120000]
 total_blobs=7598 nmethods=6906 adapters=606
 compilation: enabled
              stopped_count=0, restarted_count=0
 full_count=0

Compilation events (20 events):
Event: 23.813 Thread 0x000001a654a2f2f0 8167       1       org.eclipse.jdt.internal.compiler.problem.DefaultProblem::getID (5 bytes)
Event: 23.813 Thread 0x000001a654a2f2f0 nmethod 8167 0x000001a64657a390 code [0x000001a64657a520, 0x000001a64657a5f8]
Event: 23.834 Thread 0x000001a654a2f2f0 8171       3       org.eclipse.jdt.internal.corext.dom.GenericVisitor::endVisitNode (1 bytes)
Event: 23.834 Thread 0x000001a654a2f2f0 nmethod 8171 0x000001a63f1ba890 code [0x000001a63f1baa20, 0x000001a63f1bab38]
Event: 23.838 Thread 0x000001a654a2f2f0 8172   !   3       lombok.launch.PatchFixesHider$PatchFixes::isGenerated (57 bytes)
Event: 23.839 Thread 0x000001a654a2f2f0 nmethod 8172 0x000001a63f1b9c10 code [0x000001a63f1b9e20, 0x000001a63f1ba558]
Event: 23.839 Thread 0x000001a654a2f2f0 8173       1       org.eclipse.jdt.internal.corext.dom.GenericVisitor::visitNode (2 bytes)
Event: 23.839 Thread 0x000001a654a2f2f0 nmethod 8173 0x000001a64657af90 code [0x000001a64657b120, 0x000001a64657b1f8]
Event: 23.850 Thread 0x000001a654a2f2f0 8174       1       org.eclipse.jdt.core.dom.ASTVisitor::visit (2 bytes)
Event: 23.850 Thread 0x000001a654a2f2f0 nmethod 8174 0x000001a64657b290 code [0x000001a64657b420, 0x000001a64657b4f8]
Event: 23.862 Thread 0x000001a654a2f2f0 8176       3       org.lombokweb.asm.MethodVisitor::visitLdcInsn (87 bytes)
Event: 23.863 Thread 0x000001a654a2f2f0 nmethod 8176 0x000001a63f1b8e90 code [0x000001a63f1b90a0, 0x000001a63f1b9a28]
Event: 23.888 Thread 0x000001a654a2f2f0 8178       2       org.eclipse.jdt.core.dom.ASTVisitor::endVisit (1 bytes)
Event: 23.888 Thread 0x000001a654a2f2f0 nmethod 8178 0x000001a63e88b690 code [0x000001a63e88b820, 0x000001a63e88b918]
Event: 23.888 Thread 0x000001a654a2f2f0 8179       2       org.eclipse.lsp4j.jsonrpc.messages.Either::isRight (13 bytes)
Event: 23.888 Thread 0x000001a654a2f2f0 nmethod 8179 0x000001a63f1b8b10 code [0x000001a63f1b8ca0, 0x000001a63f1b8db8]
Event: 23.889 Thread 0x000001a654a2f2f0 8180       2       org.eclipse.lsp4j.jsonrpc.json.adapters.TupleTypeAdapters$TwoTypeAdapterFactory::create (22 bytes)
Event: 23.889 Thread 0x000001a654a2f2f0 nmethod 8180 0x000001a63f1b8610 code [0x000001a63f1b87c0, 0x000001a63f1b89d8]
Event: 23.889 Thread 0x000001a654a2f2f0 8181       2       org.eclipse.lsp4j.jsonrpc.json.adapters.EitherTypeAdapter$Factory::create (22 bytes)
Event: 23.890 Thread 0x000001a654a2f2f0 nmethod 8181 0x000001a63f1b8110 code [0x000001a63f1b82c0, 0x000001a63f1b84b8]

GC Heap History (20 events):
Event: 12.355 GC heap before
{Heap before GC invocations=32 (full 3):
 PSYoungGen      total 22528K, used 22432K [0x00000000eab00000, 0x00000000ec400000, 0x0000000100000000)
  eden space 20992K, 100% used [0x00000000eab00000,0x00000000ebf80000,0x00000000ebf80000)
  from space 1536K, 93% used [0x00000000ec280000,0x00000000ec3e8000,0x00000000ec400000)
  to   space 2048K, 0% used [0x00000000ec000000,0x00000000ec000000,0x00000000ec200000)
 ParOldGen       total 68608K, used 31275K [0x00000000c0000000, 0x00000000c4300000, 0x00000000eab00000)
  object space 68608K, 45% used [0x00000000c0000000,0x00000000c1e8add0,0x00000000c4300000)
 Metaspace       used 61419K, committed 62528K, reserved 1114112K
  class space    used 6566K, committed 7040K, reserved 1048576K
}
Event: 12.357 GC heap after
{Heap after GC invocations=32 (full 3):
 PSYoungGen      total 23040K, used 1690K [0x00000000eab00000, 0x00000000ec380000, 0x0000000100000000)
  eden space 20992K, 0% used [0x00000000eab00000,0x00000000eab00000,0x00000000ebf80000)
  from space 2048K, 82% used [0x00000000ec000000,0x00000000ec1a6b40,0x00000000ec200000)
  to   space 1536K, 0% used [0x00000000ec200000,0x00000000ec200000,0x00000000ec380000)
 ParOldGen       total 68608K, used 32675K [0x00000000c0000000, 0x00000000c4300000, 0x00000000eab00000)
  object space 68608K, 47% used [0x00000000c0000000,0x00000000c1fe8dd0,0x00000000c4300000)
 Metaspace       used 61419K, committed 62528K, reserved 1114112K
  class space    used 6566K, committed 7040K, reserved 1048576K
}
Event: 12.991 GC heap before
{Heap before GC invocations=33 (full 3):
 PSYoungGen      total 23040K, used 22682K [0x00000000eab00000, 0x00000000ec380000, 0x0000000100000000)
  eden space 20992K, 100% used [0x00000000eab00000,0x00000000ebf80000,0x00000000ebf80000)
  from space 2048K, 82% used [0x00000000ec000000,0x00000000ec1a6b40,0x00000000ec200000)
  to   space 1536K, 0% used [0x00000000ec200000,0x00000000ec200000,0x00000000ec380000)
 ParOldGen       total 68608K, used 32675K [0x00000000c0000000, 0x00000000c4300000, 0x00000000eab00000)
  object space 68608K, 47% used [0x00000000c0000000,0x00000000c1fe8dd0,0x00000000c4300000)
 Metaspace       used 63746K, committed 64768K, reserved 1114112K
  class space    used 6785K, committed 7232K, reserved 1048576K
}
Event: 12.995 GC heap after
{Heap after GC invocations=33 (full 3):
 PSYoungGen      total 20480K, used 1515K [0x00000000eab00000, 0x00000000ec880000, 0x0000000100000000)
  eden space 18944K, 0% used [0x00000000eab00000,0x00000000eab00000,0x00000000ebd80000)
  from space 1536K, 98% used [0x00000000ec200000,0x00000000ec37afe0,0x00000000ec380000)
  to   space 4608K, 0% used [0x00000000ebd80000,0x00000000ebd80000,0x00000000ec200000)
 ParOldGen       total 68608K, used 34984K [0x00000000c0000000, 0x00000000c4300000, 0x00000000eab00000)
  object space 68608K, 50% used [0x00000000c0000000,0x00000000c222a260,0x00000000c4300000)
 Metaspace       used 63746K, committed 64768K, reserved 1114112K
  class space    used 6785K, committed 7232K, reserved 1048576K
}
Event: 14.473 GC heap before
{Heap before GC invocations=34 (full 3):
 PSYoungGen      total 20480K, used 19175K [0x00000000eab00000, 0x00000000ec880000, 0x0000000100000000)
  eden space 18944K, 93% used [0x00000000eab00000,0x00000000ebc3eca0,0x00000000ebd80000)
  from space 1536K, 98% used [0x00000000ec200000,0x00000000ec37afe0,0x00000000ec380000)
  to   space 4608K, 0% used [0x00000000ebd80000,0x00000000ebd80000,0x00000000ec200000)
 ParOldGen       total 68608K, used 36306K [0x00000000c0000000, 0x00000000c4300000, 0x00000000eab00000)
  object space 68608K, 52% used [0x00000000c0000000,0x00000000c23749e0,0x00000000c4300000)
 Metaspace       used 64683K, committed 65792K, reserved 1114112K
  class space    used 6876K, committed 7360K, reserved 1048576K
}
Event: 14.478 GC heap after
{Heap after GC invocations=34 (full 3):
 PSYoungGen      total 23552K, used 1087K [0x00000000eab00000, 0x00000000ec480000, 0x0000000100000000)
  eden space 18944K, 0% used [0x00000000eab00000,0x00000000eab00000,0x00000000ebd80000)
  from space 4608K, 23% used [0x00000000ebd80000,0x00000000ebe8fe80,0x00000000ec200000)
  to   space 2560K, 0% used [0x00000000ec200000,0x00000000ec200000,0x00000000ec480000)
 ParOldGen       total 68608K, used 37735K [0x00000000c0000000, 0x00000000c4300000, 0x00000000eab00000)
  object space 68608K, 55% used [0x00000000c0000000,0x00000000c24d9fa0,0x00000000c4300000)
 Metaspace       used 64683K, committed 65792K, reserved 1114112K
  class space    used 6876K, committed 7360K, reserved 1048576K
}
Event: 14.727 GC heap before
{Heap before GC invocations=35 (full 3):
 PSYoungGen      total 23552K, used 20031K [0x00000000eab00000, 0x00000000ec480000, 0x0000000100000000)
  eden space 18944K, 100% used [0x00000000eab00000,0x00000000ebd80000,0x00000000ebd80000)
  from space 4608K, 23% used [0x00000000ebd80000,0x00000000ebe8fe80,0x00000000ec200000)
  to   space 2560K, 0% used [0x00000000ec200000,0x00000000ec200000,0x00000000ec480000)
 ParOldGen       total 91136K, used 82736K [0x00000000c0000000, 0x00000000c5900000, 0x00000000eab00000)
  object space 91136K, 90% used [0x00000000c0000000,0x00000000c50cc3c8,0x00000000c5900000)
 Metaspace       used 65064K, committed 66112K, reserved 1114112K
  class space    used 6925K, committed 7360K, reserved 1048576K
}
Event: 14.732 GC heap after
{Heap after GC invocations=35 (full 3):
 PSYoungGen      total 19456K, used 2560K [0x00000000eab00000, 0x00000000eca80000, 0x0000000100000000)
  eden space 16896K, 0% used [0x00000000eab00000,0x00000000eab00000,0x00000000ebb80000)
  from space 2560K, 100% used [0x00000000ec200000,0x00000000ec480000,0x00000000ec480000)
  to   space 6656K, 0% used [0x00000000ebb80000,0x00000000ebb80000,0x00000000ec200000)
 ParOldGen       total 91136K, used 85856K [0x00000000c0000000, 0x00000000c5900000, 0x00000000eab00000)
  object space 91136K, 94% used [0x00000000c0000000,0x00000000c53d8178,0x00000000c5900000)
 Metaspace       used 65064K, committed 66112K, reserved 1114112K
  class space    used 6925K, committed 7360K, reserved 1048576K
}
Event: 14.787 GC heap before
{Heap before GC invocations=36 (full 3):
 PSYoungGen      total 19456K, used 19456K [0x00000000eab00000, 0x00000000eca80000, 0x0000000100000000)
  eden space 16896K, 100% used [0x00000000eab00000,0x00000000ebb80000,0x00000000ebb80000)
  from space 2560K, 100% used [0x00000000ec200000,0x00000000ec480000,0x00000000ec480000)
  to   space 6656K, 0% used [0x00000000ebb80000,0x00000000ebb80000,0x00000000ec200000)
 ParOldGen       total 91136K, used 85856K [0x00000000c0000000, 0x00000000c5900000, 0x00000000eab00000)
  object space 91136K, 94% used [0x00000000c0000000,0x00000000c53d8178,0x00000000c5900000)
 Metaspace       used 65064K, committed 66112K, reserved 1114112K
  class space    used 6925K, committed 7360K, reserved 1048576K
}
Event: 14.796 GC heap after
{Heap after GC invocations=36 (full 3):
 PSYoungGen      total 23552K, used 6656K [0x00000000eab00000, 0x00000000edc80000, 0x0000000100000000)
  eden space 16896K, 0% used [0x00000000eab00000,0x00000000eab00000,0x00000000ebb80000)
  from space 6656K, 100% used [0x00000000ebb80000,0x00000000ec200000,0x00000000ec200000)
  to   space 16896K, 0% used [0x00000000ecc00000,0x00000000ecc00000,0x00000000edc80000)
 ParOldGen       total 94208K, used 94200K [0x00000000c0000000, 0x00000000c5c00000, 0x00000000eab00000)
  object space 94208K, 99% used [0x00000000c0000000,0x00000000c5bfe178,0x00000000c5c00000)
 Metaspace       used 65064K, committed 66112K, reserved 1114112K
  class space    used 6925K, committed 7360K, reserved 1048576K
}
Event: 14.796 GC heap before
{Heap before GC invocations=37 (full 4):
 PSYoungGen      total 23552K, used 6656K [0x00000000eab00000, 0x00000000edc80000, 0x0000000100000000)
  eden space 16896K, 0% used [0x00000000eab00000,0x00000000eab00000,0x00000000ebb80000)
  from space 6656K, 100% used [0x00000000ebb80000,0x00000000ec200000,0x00000000ec200000)
  to   space 16896K, 0% used [0x00000000ecc00000,0x00000000ecc00000,0x00000000edc80000)
 ParOldGen       total 94208K, used 94200K [0x00000000c0000000, 0x00000000c5c00000, 0x00000000eab00000)
  object space 94208K, 99% used [0x00000000c0000000,0x00000000c5bfe178,0x00000000c5c00000)
 Metaspace       used 65064K, committed 66112K, reserved 1114112K
  class space    used 6925K, committed 7360K, reserved 1048576K
}
Event: 14.859 GC heap after
{Heap after GC invocations=37 (full 4):
 PSYoungGen      total 33792K, used 0K [0x00000000eab00000, 0x00000000edc80000, 0x0000000100000000)
  eden space 16896K, 0% used [0x00000000eab00000,0x00000000eab00000,0x00000000ebb80000)
  from space 16896K, 0% used [0x00000000ecc00000,0x00000000ecc00000,0x00000000edc80000)
  to   space 16896K, 0% used [0x00000000ebb80000,0x00000000ebb80000,0x00000000ecc00000)
 ParOldGen       total 101376K, used 66651K [0x00000000c0000000, 0x00000000c6300000, 0x00000000eab00000)
  object space 101376K, 65% used [0x00000000c0000000,0x00000000c4116d18,0x00000000c6300000)
 Metaspace       used 65064K, committed 66112K, reserved 1114112K
  class space    used 6925K, committed 7360K, reserved 1048576K
}
Event: 14.907 GC heap before
{Heap before GC invocations=38 (full 4):
 PSYoungGen      total 33792K, used 16896K [0x00000000eab00000, 0x00000000edc80000, 0x0000000100000000)
  eden space 16896K, 100% used [0x00000000eab00000,0x00000000ebb80000,0x00000000ebb80000)
  from space 16896K, 0% used [0x00000000ecc00000,0x00000000ecc00000,0x00000000edc80000)
  to   space 16896K, 0% used [0x00000000ebb80000,0x00000000ebb80000,0x00000000ecc00000)
 ParOldGen       total 101376K, used 66651K [0x00000000c0000000, 0x00000000c6300000, 0x00000000eab00000)
  object space 101376K, 65% used [0x00000000c0000000,0x00000000c4116d18,0x00000000c6300000)
 Metaspace       used 65064K, committed 66112K, reserved 1114112K
  class space    used 6925K, committed 7360K, reserved 1048576K
}
Event: 14.914 GC heap after
{Heap after GC invocations=38 (full 4):
 PSYoungGen      total 30208K, used 12992K [0x00000000eab00000, 0x00000000ed680000, 0x0000000100000000)
  eden space 16896K, 0% used [0x00000000eab00000,0x00000000eab00000,0x00000000ebb80000)
  from space 13312K, 97% used [0x00000000ebb80000,0x00000000ec830000,0x00000000ec880000)
  to   space 13824K, 0% used [0x00000000ec900000,0x00000000ec900000,0x00000000ed680000)
 ParOldGen       total 101376K, used 66651K [0x00000000c0000000, 0x00000000c6300000, 0x00000000eab00000)
  object space 101376K, 65% used [0x00000000c0000000,0x00000000c4116d18,0x00000000c6300000)
 Metaspace       used 65064K, committed 66112K, reserved 1114112K
  class space    used 6925K, committed 7360K, reserved 1048576K
}
Event: 23.208 GC heap before
{Heap before GC invocations=39 (full 4):
 PSYoungGen      total 30208K, used 29888K [0x00000000eab00000, 0x00000000ed680000, 0x0000000100000000)
  eden space 16896K, 100% used [0x00000000eab00000,0x00000000ebb80000,0x00000000ebb80000)
  from space 13312K, 97% used [0x00000000ebb80000,0x00000000ec830000,0x00000000ec880000)
  to   space 13824K, 0% used [0x00000000ec900000,0x00000000ec900000,0x00000000ed680000)
 ParOldGen       total 101376K, used 66651K [0x00000000c0000000, 0x00000000c6300000, 0x00000000eab00000)
  object space 101376K, 65% used [0x00000000c0000000,0x00000000c4116d18,0x00000000c6300000)
 Metaspace       used 65860K, committed 67008K, reserved 1114112K
  class space    used 7042K, committed 7488K, reserved 1048576K
}
Event: 23.223 GC heap after
{Heap after GC invocations=39 (full 4):
 PSYoungGen      total 26112K, used 8832K [0x00000000eab00000, 0x00000000ed200000, 0x0000000100000000)
  eden space 16896K, 0% used [0x00000000eab00000,0x00000000eab00000,0x00000000ebb80000)
  from space 9216K, 95% used [0x00000000ec900000,0x00000000ed1a0000,0x00000000ed200000)
  to   space 10752K, 0% used [0x00000000ebd00000,0x00000000ebd00000,0x00000000ec780000)
 ParOldGen       total 101376K, used 79627K [0x00000000c0000000, 0x00000000c6300000, 0x00000000eab00000)
  object space 101376K, 78% used [0x00000000c0000000,0x00000000c4dc2d18,0x00000000c6300000)
 Metaspace       used 65860K, committed 67008K, reserved 1114112K
  class space    used 7042K, committed 7488K, reserved 1048576K
}
Event: 23.561 GC heap before
{Heap before GC invocations=40 (full 4):
 PSYoungGen      total 26112K, used 25720K [0x00000000eab00000, 0x00000000ed200000, 0x0000000100000000)
  eden space 16896K, 99% used [0x00000000eab00000,0x00000000ebb7e208,0x00000000ebb80000)
  from space 9216K, 95% used [0x00000000ec900000,0x00000000ed1a0000,0x00000000ed200000)
  to   space 10752K, 0% used [0x00000000ebd00000,0x00000000ebd00000,0x00000000ec780000)
 ParOldGen       total 101376K, used 79627K [0x00000000c0000000, 0x00000000c6300000, 0x00000000eab00000)
  object space 101376K, 78% used [0x00000000c0000000,0x00000000c4dc2d18,0x00000000c6300000)
 Metaspace       used 67126K, committed 68352K, reserved 1114112K
  class space    used 7188K, committed 7680K, reserved 1048576K
}
Event: 23.570 GC heap after
{Heap after GC invocations=40 (full 4):
 PSYoungGen      total 18432K, used 1184K [0x00000000eab00000, 0x00000000ec980000, 0x0000000100000000)
  eden space 16896K, 0% used [0x00000000eab00000,0x00000000eab00000,0x00000000ebb80000)
  from space 1536K, 77% used [0x00000000ebd00000,0x00000000ebe28020,0x00000000ebe80000)
  to   space 4608K, 0% used [0x00000000ec500000,0x00000000ec500000,0x00000000ec980000)
 ParOldGen       total 101376K, used 88440K [0x00000000c0000000, 0x00000000c6300000, 0x00000000eab00000)
  object space 101376K, 87% used [0x00000000c0000000,0x00000000c565e198,0x00000000c6300000)
 Metaspace       used 67126K, committed 68352K, reserved 1114112K
  class space    used 7188K, committed 7680K, reserved 1048576K
}
Event: 23.762 GC heap before
{Heap before GC invocations=41 (full 4):
 PSYoungGen      total 18432K, used 18079K [0x00000000eab00000, 0x00000000ec980000, 0x0000000100000000)
  eden space 16896K, 99% used [0x00000000eab00000,0x00000000ebb7fe78,0x00000000ebb80000)
  from space 1536K, 77% used [0x00000000ebd00000,0x00000000ebe28020,0x00000000ebe80000)
  to   space 4608K, 0% used [0x00000000ec500000,0x00000000ec500000,0x00000000ec980000)
 ParOldGen       total 101376K, used 88440K [0x00000000c0000000, 0x00000000c6300000, 0x00000000eab00000)
  object space 101376K, 87% used [0x00000000c0000000,0x00000000c565e198,0x00000000c6300000)
 Metaspace       used 68559K, committed 69760K, reserved 1114112K
  class space    used 7316K, committed 7808K, reserved 1048576K
}
Event: 23.764 GC heap after
{Heap after GC invocations=41 (full 4):
 PSYoungGen      total 17920K, used 672K [0x00000000eab00000, 0x00000000ec600000, 0x0000000100000000)
  eden space 16896K, 0% used [0x00000000eab00000,0x00000000eab00000,0x00000000ebb80000)
  from space 1024K, 65% used [0x00000000ec500000,0x00000000ec5a8000,0x00000000ec600000)
  to   space 1536K, 0% used [0x00000000ec300000,0x00000000ec300000,0x00000000ec480000)
 ParOldGen       total 101376K, used 89501K [0x00000000c0000000, 0x00000000c6300000, 0x00000000eab00000)
  object space 101376K, 88% used [0x00000000c0000000,0x00000000c5767638,0x00000000c6300000)
 Metaspace       used 68559K, committed 69760K, reserved 1114112K
  class space    used 7316K, committed 7808K, reserved 1048576K
}

Dll operation events (11 events):
Event: 0.014 Loaded shared library c:\Users\Family\.vscode\extensions\redhat.java-1.25.1-win32-x64\jre\17.0.9-win32-x86_64\bin\java.dll
Event: 0.354 Loaded shared library c:\Users\Family\.vscode\extensions\redhat.java-1.25.1-win32-x64\jre\17.0.9-win32-x86_64\bin\zip.dll
Event: 0.358 Loaded shared library C:\Users\Family\.vscode\extensions\redhat.java-1.25.1-win32-x64\jre\17.0.9-win32-x86_64\bin\instrument.dll
Event: 0.388 Loaded shared library C:\Users\Family\.vscode\extensions\redhat.java-1.25.1-win32-x64\jre\17.0.9-win32-x86_64\bin\net.dll
Event: 0.390 Loaded shared library C:\Users\Family\.vscode\extensions\redhat.java-1.25.1-win32-x64\jre\17.0.9-win32-x86_64\bin\nio.dll
Event: 0.403 Loaded shared library C:\Users\Family\.vscode\extensions\redhat.java-1.25.1-win32-x64\jre\17.0.9-win32-x86_64\bin\zip.dll
Event: 0.448 Loaded shared library C:\Users\Family\.vscode\extensions\redhat.java-1.25.1-win32-x64\jre\17.0.9-win32-x86_64\bin\jimage.dll
Event: 0.580 Loaded shared library c:\Users\Family\.vscode\extensions\redhat.java-1.25.1-win32-x64\jre\17.0.9-win32-x86_64\bin\verify.dll
Event: 2.027 Loaded shared library C:\Users\Family\AppData\Roaming\Code\User\globalStorage\redhat.java\1.25.1\config_win\org.eclipse.equinox.launcher\org.eclipse.equinox.launcher.win32.win32.x86_64_1.2.800.v20231003-1442\eclipse_11802.dll
Event: 6.854 Loaded shared library C:\Users\Family\AppData\Local\Temp\jna-2096973700\jna3871633108247996585.dll
Event: 14.525 Loaded shared library C:\Users\Family\.vscode\extensions\redhat.java-1.25.1-win32-x64\jre\17.0.9-win32-x86_64\bin\sunmscapi.dll

Deoptimization events (20 events):
Event: 23.719 Thread 0x000001a655f9fd20 DEOPT PACKING pc=0x000001a6461cd894 sp=0x0000007ac81fdab0
Event: 23.719 Thread 0x000001a655f9fd20 DEOPT UNPACKING pc=0x000001a645bd9ea3 sp=0x0000007ac81fda58 mode 2
Event: 23.722 Thread 0x000001a655f9fd20 DEOPT PACKING pc=0x000001a63f1c309e sp=0x0000007ac81fda60
Event: 23.722 Thread 0x000001a655f9fd20 DEOPT UNPACKING pc=0x000001a645bda9e3 sp=0x0000007ac81fcf50 mode 0
Event: 23.723 Thread 0x000001a655f9fd20 DEOPT PACKING pc=0x000001a63f1c309e sp=0x0000007ac81fda60
Event: 23.723 Thread 0x000001a655f9fd20 DEOPT UNPACKING pc=0x000001a645bda9e3 sp=0x0000007ac81fcf50 mode 0
Event: 23.723 Thread 0x000001a655f9fd20 DEOPT PACKING pc=0x000001a63f1c309e sp=0x0000007ac81fda60
Event: 23.723 Thread 0x000001a655f9fd20 DEOPT UNPACKING pc=0x000001a645bda9e3 sp=0x0000007ac81fcf50 mode 0
Event: 23.840 Thread 0x000001a655f9fd20 DEOPT PACKING pc=0x000001a63f1c309e sp=0x0000007ac81fdc90
Event: 23.840 Thread 0x000001a655f9fd20 DEOPT UNPACKING pc=0x000001a645bda9e3 sp=0x0000007ac81fd180 mode 0
Event: 23.859 Thread 0x000001a655f9fd20 DEOPT PACKING pc=0x000001a63f12f6f8 sp=0x0000007ac81f8250
Event: 23.859 Thread 0x000001a655f9fd20 DEOPT UNPACKING pc=0x000001a645bda9e3 sp=0x0000007ac81f7960 mode 0
Event: 23.885 Thread 0x000001a655fa1670 Uncommon trap: trap_request=0xffffffde fr.pc=0x000001a6462b7a48 relative=0x0000000000000708
Event: 23.885 Thread 0x000001a655fa1670 Uncommon trap: reason=class_check action=maybe_recompile pc=0x000001a6462b7a48 method=java.lang.AbstractStringBuilder.<init>(Ljava/lang/String;)V @ 58 c2
Event: 23.885 Thread 0x000001a655fa1670 DEOPT PACKING pc=0x000001a6462b7a48 sp=0x0000007ac7bfefe0
Event: 23.885 Thread 0x000001a655fa1670 DEOPT UNPACKING pc=0x000001a645bd9ea3 sp=0x0000007ac7bfefc0 mode 2
Event: 23.889 Thread 0x000001a655f9fd20 Uncommon trap: trap_request=0xffffffde fr.pc=0x000001a6461d4968 relative=0x0000000000000068
Event: 23.889 Thread 0x000001a655f9fd20 Uncommon trap: reason=class_check action=maybe_recompile pc=0x000001a6461d4968 method=java.util.LinkedHashMap.afterNodeInsertion(Z)V @ 15 c2
Event: 23.889 Thread 0x000001a655f9fd20 DEOPT PACKING pc=0x000001a6461d4968 sp=0x0000007ac81feb60
Event: 23.889 Thread 0x000001a655f9fd20 DEOPT UNPACKING pc=0x000001a645bd9ea3 sp=0x0000007ac81fead8 mode 2

Classes unloaded (7 events):
Event: 6.053 Thread 0x000001a64f803210 Unloading class 0x0000000100250000 'java/lang/invoke/LambdaForm$MH+0x0000000100250000'
Event: 6.053 Thread 0x000001a64f803210 Unloading class 0x000000010024fc00 'java/lang/invoke/LambdaForm$MH+0x000000010024fc00'
Event: 6.053 Thread 0x000001a64f803210 Unloading class 0x000000010024f800 'java/lang/invoke/LambdaForm$MH+0x000000010024f800'
Event: 6.053 Thread 0x000001a64f803210 Unloading class 0x000000010024f400 'java/lang/invoke/LambdaForm$MH+0x000000010024f400'
Event: 6.053 Thread 0x000001a64f803210 Unloading class 0x000000010024f000 'java/lang/invoke/LambdaForm$BMH+0x000000010024f000'
Event: 6.053 Thread 0x000001a64f803210 Unloading class 0x000000010024ec00 'java/lang/invoke/LambdaForm$DMH+0x000000010024ec00'
Event: 6.053 Thread 0x000001a64f803210 Unloading class 0x000000010024c000 'java/lang/invoke/LambdaForm$DMH+0x000000010024c000'

Classes redefined (0 events):
No events

Internal exceptions (20 events):
Event: 11.822 Thread 0x000001a655fa34d0 Exception <a 'java/lang/NoSuchMethodError'{0x00000000eb5aaee0}: 'java.lang.Object java.lang.invoke.DirectMethodHandle$Holder.invokeInterface(java.lang.Object, java.lang.Object, java.lang.Object)'> (0x00000000eb5aaee0) 
thrown [s\src\hotspot\share\interpreter\linkResolver.cpp, line 759]
Event: 11.827 Thread 0x000001a654f1aa10 Exception <a 'java/lang/NoSuchMethodError'{0x00000000eb616c20}: 'java.lang.Object java.lang.invoke.DirectMethodHandle$Holder.invokeStatic(java.lang.Object, java.lang.Object, int, java.lang.Object)'> (0x00000000eb616c20) 
thrown [s\src\hotspot\share\interpreter\linkResolver.cpp, line 759]
Event: 11.829 Thread 0x000001a654f1aa10 Exception <a 'java/lang/NoSuchMethodError'{0x00000000eb6402a0}: 'java.lang.Object java.lang.invoke.DirectMethodHandle$Holder.newInvokeSpecial(java.lang.Object, java.lang.Object, int)'> (0x00000000eb6402a0) 
thrown [s\src\hotspot\share\interpreter\linkResolver.cpp, line 759]
Event: 12.381 Thread 0x000001a655fa34d0 Exception <a 'java/io/FileNotFoundException'{0x00000000eaba5200}> (0x00000000eaba5200) 
thrown [s\src\hotspot\share\prims\jni.cpp, line 516]
Event: 12.510 Thread 0x000001a655fa34d0 Exception <a 'java/lang/NoSuchMethodError'{0x00000000eaeab3f0}: 'int java.lang.invoke.DirectMethodHandle$Holder.invokeStatic(java.lang.Object, java.lang.Object, java.lang.Object, int)'> (0x00000000eaeab3f0) 
thrown [s\src\hotspot\share\interpreter\linkResolver.cpp, line 759]
Event: 12.584 Thread 0x000001a655fa34d0 Exception <a 'java/io/FileNotFoundException'{0x00000000eb10e138}> (0x00000000eb10e138) 
thrown [s\src\hotspot\share\prims\jni.cpp, line 516]
Event: 12.733 Thread 0x000001a655fa1670 Exception <a 'sun/nio/fs/WindowsException'{0x00000000eb5991a8}> (0x00000000eb5991a8) 
thrown [s\src\hotspot\share\prims\jni.cpp, line 516]
Event: 12.734 Thread 0x000001a655fa1670 Exception <a 'sun/nio/fs/WindowsException'{0x00000000eb5997c8}> (0x00000000eb5997c8) 
thrown [s\src\hotspot\share\prims\jni.cpp, line 516]
Event: 12.814 Thread 0x000001a655fa34d0 Exception <a 'sun/nio/fs/WindowsException'{0x00000000eb81c620}> (0x00000000eb81c620) 
thrown [s\src\hotspot\share\prims\jni.cpp, line 516]
Event: 12.844 Thread 0x000001a655fa34d0 Exception <a 'sun/nio/fs/WindowsException'{0x00000000eb8d2f60}> (0x00000000eb8d2f60) 
thrown [s\src\hotspot\share\prims\jni.cpp, line 516]
Event: 12.865 Thread 0x000001a655f9e8e0 Exception <a 'java/lang/NoSuchMethodError'{0x00000000eb18e680}: 'java.lang.Object java.lang.invoke.DirectMethodHandle$Holder.newInvokeSpecial(java.lang.Object, java.lang.Object, java.lang.Object, java.lang.Object, java.lang.Object, java.lang.Object)'> (0x00000000eb18e680) 
thrown [s\src\hotspot\share\interpreter\linkResolver.cpp, line 759]
Event: 12.970 Thread 0x000001a654f1d7a0 Exception <a 'java/io/FileNotFoundException'{0x00000000ebee16e0}> (0x00000000ebee16e0) 
thrown [s\src\hotspot\share\prims\jni.cpp, line 516]
Event: 13.073 Thread 0x000001a655f9fd20 Exception <a 'java/lang/ArrayIndexOutOfBoundsException'{0x00000000eac8d288}> (0x00000000eac8d288) 
thrown [s\src\hotspot\share\runtime\sharedRuntime.cpp, line 631]
Event: 13.713 Thread 0x000001a655f9fd20 Exception <a 'java/lang/ArrayIndexOutOfBoundsException'{0x00000000ebaacfb8}: Index 376 out of bounds for length 375> (0x00000000ebaacfb8) 
thrown [s\src\hotspot\share\interpreter\interpreterRuntime.cpp, line 428]
Event: 14.542 Thread 0x000001a655f9edf0 Exception <a 'sun/nio/fs/WindowsException'{0x00000000eacabc80}> (0x00000000eacabc80) 
thrown [s\src\hotspot\share\prims\jni.cpp, line 516]
Event: 23.151 Thread 0x000001a655fa34d0 Exception <a 'java/lang/ArrayIndexOutOfBoundsException'{0x00000000eb94c868}: Index 376 out of bounds for length 376> (0x00000000eb94c868) 
thrown [s\src\hotspot\share\interpreter\interpreterRuntime.cpp, line 428]
Event: 23.198 Thread 0x000001a655fa34d0 Exception <a 'java/lang/ArrayIndexOutOfBoundsException'{0x00000000ebb26d58}: Index 376 out of bounds for length 376> (0x00000000ebb26d58) 
thrown [s\src\hotspot\share\interpreter\interpreterRuntime.cpp, line 428]
Event: 23.199 Thread 0x000001a655fa34d0 Exception <a 'java/lang/ArrayIndexOutOfBoundsException'{0x00000000ebb2dec8}: Index 376 out of bounds for length 376> (0x00000000ebb2dec8) 
thrown [s\src\hotspot\share\interpreter\interpreterRuntime.cpp, line 428]
Event: 23.199 Thread 0x000001a655fa34d0 Exception <a 'java/lang/ArrayIndexOutOfBoundsException'{0x00000000ebb2e530}: Index 377 out of bounds for length 376> (0x00000000ebb2e530) 
thrown [s\src\hotspot\share\interpreter\interpreterRuntime.cpp, line 428]
Event: 23.820 Thread 0x000001a655f9fd20 Exception <a 'java/lang/NoSuchMethodError'{0x00000000eae0fcf0}: 'java.lang.Object java.lang.invoke.DirectMethodHandle$Holder.invokeStatic(java.lang.Object, int, java.lang.Object, java.lang.Object, java.lang.Object, java.lang.Object)'> (0x00000000eae0fcf0) 
thrown [s\src\hotspot\share\interpreter\linkResolver.cpp, line 759]

VM Operations (20 events):
Event: 23.148 Executing VM operation: HandshakeAllThreads
Event: 23.148 Executing VM operation: HandshakeAllThreads done
Event: 23.208 Executing VM operation: ParallelGCFailedAllocation
Event: 23.223 Executing VM operation: ParallelGCFailedAllocation done
Event: 23.336 Executing VM operation: HandshakeAllThreads
Event: 23.336 Executing VM operation: HandshakeAllThreads done
Event: 23.373 Executing VM operation: HandshakeAllThreads
Event: 23.373 Executing VM operation: HandshakeAllThreads done
Event: 23.375 Executing VM operation: HandshakeAllThreads
Event: 23.375 Executing VM operation: HandshakeAllThreads done
Event: 23.502 Executing VM operation: HandshakeAllThreads
Event: 23.502 Executing VM operation: HandshakeAllThreads done
Event: 23.506 Executing VM operation: HandshakeAllThreads
Event: 23.506 Executing VM operation: HandshakeAllThreads done
Event: 23.561 Executing VM operation: ParallelGCFailedAllocation
Event: 23.575 Executing VM operation: ParallelGCFailedAllocation done
Event: 23.750 Executing VM operation: HandshakeAllThreads
Event: 23.750 Executing VM operation: HandshakeAllThreads done
Event: 23.762 Executing VM operation: ParallelGCFailedAllocation
Event: 23.764 Executing VM operation: ParallelGCFailedAllocation done

Events (20 events):
Event: 18.607 Thread 0x000001a656e9a7e0 Thread exited: 0x000001a656e9a7e0
Event: 23.238 Thread 0x000001a656e9bd20 Thread added: 0x000001a656e9bd20
Event: 23.367 loading class java/util/Spliterators$IntArraySpliterator
Event: 23.367 loading class java/util/Spliterators$IntArraySpliterator done
Event: 23.372 loading class java/util/stream/Nodes$IntSpinedNodeBuilder
Event: 23.372 loading class java/util/stream/SpinedBuffer$OfInt
Event: 23.372 loading class java/util/stream/SpinedBuffer$OfPrimitive
Event: 23.372 loading class java/util/stream/SpinedBuffer$OfPrimitive done
Event: 23.372 loading class java/util/stream/SpinedBuffer$OfInt done
Event: 23.374 loading class java/util/stream/Nodes$IntSpinedNodeBuilder done
Event: 23.437 loading class java/util/stream/IntPipeline$1
Event: 23.437 loading class java/util/stream/IntPipeline$1 done
Event: 23.437 loading class java/util/stream/IntPipeline$1$1
Event: 23.438 loading class java/util/stream/IntPipeline$1$1 done
Event: 23.486 loading class java/util/regex/Pattern$1
Event: 23.486 loading class java/util/regex/Pattern$1 done
Event: 23.659 loading class java/util/stream/ReduceOps$2
Event: 23.659 loading class java/util/stream/ReduceOps$2 done
Event: 23.659 loading class java/util/stream/ReduceOps$2ReducingSink
Event: 23.660 loading class java/util/stream/ReduceOps$2ReducingSink done


Dynamic libraries:
0x00007ff75e860000 - 0x00007ff75e86e000 	c:\Users\Family\.vscode\extensions\redhat.java-1.25.1-win32-x64\jre\17.0.9-win32-x86_64\bin\java.exe
0x00007ff9742b0000 - 0x00007ff9744a8000 	C:\WINDOWS\SYSTEM32\ntdll.dll
0x00007ff9741b0000 - 0x00007ff97426d000 	C:\WINDOWS\System32\KERNEL32.DLL
0x00007ff971fe0000 - 0x00007ff9722d6000 	C:\WINDOWS\System32\KERNELBASE.dll
0x00000000613c0000 - 0x00000000616f1000 	C:\Program Files\Norton Security\NortonData\22.20.2.57\Definitions\IPSDefs\20230815.064\IPSEng64.dll
0x00007ff972bb0000 - 0x00007ff972c5f000 	C:\WINDOWS\System32\ADVAPI32.dll
0x00007ff9726a0000 - 0x00007ff97273e000 	C:\WINDOWS\System32\msvcrt.dll
0x00007ff972600000 - 0x00007ff97269c000 	C:\WINDOWS\System32\sechost.dll
0x00007ff972310000 - 0x00007ff972436000 	C:\WINDOWS\System32\RPCRT4.dll
0x00007ff973d60000 - 0x00007ff973d68000 	C:\WINDOWS\System32\PSAPI.DLL
0x00007ff971a40000 - 0x00007ff971b40000 	C:\WINDOWS\System32\ucrtbase.dll
0x00007ff96d4a0000 - 0x00007ff96d4b7000 	c:\Users\Family\.vscode\extensions\redhat.java-1.25.1-win32-x64\jre\17.0.9-win32-x86_64\bin\jli.dll
0x00007ff973170000 - 0x00007ff97330e000 	C:\WINDOWS\System32\USER32.dll
0x00007ff9722e0000 - 0x00007ff972302000 	C:\WINDOWS\System32\win32u.dll
0x00007ff9725d0000 - 0x00007ff9725fc000 	C:\WINDOWS\System32\GDI32.dll
0x00007ff971b40000 - 0x00007ff971c5a000 	C:\WINDOWS\System32\gdi32full.dll
0x00007ff971c60000 - 0x00007ff971cfd000 	C:\WINDOWS\System32\msvcp_win.dll
0x00007ff961780000 - 0x00007ff96179b000 	c:\Users\Family\.vscode\extensions\redhat.java-1.25.1-win32-x64\jre\17.0.9-win32-x86_64\bin\VCRUNTIME140.dll
0x00007ff95afd0000 - 0x00007ff95b26a000 	C:\WINDOWS\WinSxS\amd64_microsoft.windows.common-controls_6595b64144ccf1df_6.0.19041.3636_none_60b6a03d71f818d5\COMCTL32.dll
0x00007ff972e60000 - 0x00007ff972e90000 	C:\WINDOWS\System32\IMM32.DLL
0x00007ff96f050000 - 0x00007ff96f05c000 	c:\Users\Family\.vscode\extensions\redhat.java-1.25.1-win32-x64\jre\17.0.9-win32-x86_64\bin\vcruntime140_1.dll
0x00007ff9308e0000 - 0x00007ff93096d000 	c:\Users\Family\.vscode\extensions\redhat.java-1.25.1-win32-x64\jre\17.0.9-win32-x86_64\bin\msvcp140.dll
0x00007ff9005b0000 - 0x00007ff901211000 	c:\Users\Family\.vscode\extensions\redhat.java-1.25.1-win32-x64\jre\17.0.9-win32-x86_64\bin\server\jvm.dll
0x00007ff971740000 - 0x00007ff97178b000 	C:\WINDOWS\SYSTEM32\POWRPROF.dll
0x00007ff961760000 - 0x00007ff961769000 	C:\WINDOWS\SYSTEM32\WSOCK32.dll
0x00007ff972df0000 - 0x00007ff972e5b000 	C:\WINDOWS\System32\WS2_32.dll
0x00007ff95dae0000 - 0x00007ff95db07000 	C:\WINDOWS\SYSTEM32\WINMM.dll
0x00007ff964590000 - 0x00007ff96459a000 	C:\WINDOWS\SYSTEM32\VERSION.dll
0x00007ff971720000 - 0x00007ff971732000 	C:\WINDOWS\SYSTEM32\UMPDC.dll
0x00007ff96f850000 - 0x00007ff96f862000 	C:\WINDOWS\SYSTEM32\kernel.appcore.dll
0x00007ff9602e0000 - 0x00007ff9602ea000 	c:\Users\Family\.vscode\extensions\redhat.java-1.25.1-win32-x64\jre\17.0.9-win32-x86_64\bin\jimage.dll
0x00007ff95d090000 - 0x00007ff95d274000 	C:\WINDOWS\SYSTEM32\DBGHELP.DLL
0x00007ff958710000 - 0x00007ff958744000 	C:\WINDOWS\SYSTEM32\dbgcore.DLL
0x00007ff971d70000 - 0x00007ff971df2000 	C:\WINDOWS\System32\bcryptPrimitives.dll
0x00007ff95f3b0000 - 0x00007ff95f3be000 	c:\Users\Family\.vscode\extensions\redhat.java-1.25.1-win32-x64\jre\17.0.9-win32-x86_64\bin\instrument.dll
0x00007ff94ad70000 - 0x00007ff94ad95000 	c:\Users\Family\.vscode\extensions\redhat.java-1.25.1-win32-x64\jre\17.0.9-win32-x86_64\bin\java.dll
0x00007ff95cf80000 - 0x00007ff95cf98000 	c:\Users\Family\.vscode\extensions\redhat.java-1.25.1-win32-x64\jre\17.0.9-win32-x86_64\bin\zip.dll
0x00007ff973580000 - 0x00007ff973cc4000 	C:\WINDOWS\System32\SHELL32.dll
0x00007ff96fa50000 - 0x00007ff9701eb000 	C:\WINDOWS\SYSTEM32\windows.storage.dll
0x00007ff973e50000 - 0x00007ff9741a4000 	C:\WINDOWS\System32\combase.dll
0x00007ff971360000 - 0x00007ff97138d000 	C:\WINDOWS\SYSTEM32\Wldp.dll
0x00007ff972c60000 - 0x00007ff972d0d000 	C:\WINDOWS\System32\SHCORE.dll
0x00007ff973460000 - 0x00007ff9734b5000 	C:\WINDOWS\System32\shlwapi.dll
0x00007ff9718c0000 - 0x00007ff9718e5000 	C:\WINDOWS\SYSTEM32\profapi.dll
0x00007ff945930000 - 0x00007ff945949000 	C:\Users\Family\.vscode\extensions\redhat.java-1.25.1-win32-x64\jre\17.0.9-win32-x86_64\bin\net.dll
0x00007ff9641f0000 - 0x00007ff9642fa000 	C:\WINDOWS\SYSTEM32\WINHTTP.dll
0x00007ff971060000 - 0x00007ff9710ca000 	C:\WINDOWS\system32\mswsock.dll
0x00007ff945720000 - 0x00007ff945736000 	C:\Users\Family\.vscode\extensions\redhat.java-1.25.1-win32-x64\jre\17.0.9-win32-x86_64\bin\nio.dll
0x00007ff95bc90000 - 0x00007ff95bca0000 	c:\Users\Family\.vscode\extensions\redhat.java-1.25.1-win32-x64\jre\17.0.9-win32-x86_64\bin\verify.dll
0x00007ff938150000 - 0x00007ff93818e000 	C:\Users\Family\AppData\Roaming\Code\User\globalStorage\redhat.java\1.25.1\config_win\org.eclipse.equinox.launcher\org.eclipse.equinox.launcher.win32.win32.x86_64_1.2.800.v20231003-1442\eclipse_11802.dll
0x00007ff9724a0000 - 0x00007ff9725cb000 	C:\WINDOWS\System32\ole32.dll
0x00007ff971250000 - 0x00007ff971268000 	C:\WINDOWS\SYSTEM32\CRYPTSP.dll
0x00007ff970990000 - 0x00007ff9709c4000 	C:\WINDOWS\system32\rsaenh.dll
0x00007ff971fb0000 - 0x00007ff971fd7000 	C:\WINDOWS\System32\bcrypt.dll
0x00007ff971840000 - 0x00007ff97186e000 	C:\WINDOWS\SYSTEM32\USERENV.dll
0x00007ff971270000 - 0x00007ff97127c000 	C:\WINDOWS\SYSTEM32\CRYPTBASE.dll
0x00007ff970d50000 - 0x00007ff970d8b000 	C:\WINDOWS\SYSTEM32\IPHLPAPI.DLL
0x00007ff973450000 - 0x00007ff973458000 	C:\WINDOWS\System32\NSI.dll
0x00007ff964620000 - 0x00007ff964637000 	C:\WINDOWS\SYSTEM32\dhcpcsvc6.DLL
0x00007ff966ad0000 - 0x00007ff966aed000 	C:\WINDOWS\SYSTEM32\dhcpcsvc.DLL
0x00007ff970d90000 - 0x00007ff970e5a000 	C:\WINDOWS\SYSTEM32\DNSAPI.dll
0x00007ff93e310000 - 0x00007ff93e355000 	C:\Users\Family\AppData\Local\Temp\jna-2096973700\jna3871633108247996585.dll
0x00007ff961c30000 - 0x00007ff961c3e000 	C:\Users\Family\.vscode\extensions\redhat.java-1.25.1-win32-x64\jre\17.0.9-win32-x86_64\bin\sunmscapi.dll
0x00007ff971e50000 - 0x00007ff971fad000 	C:\WINDOWS\System32\CRYPT32.dll
0x00007ff9713d0000 - 0x00007ff9713f7000 	C:\WINDOWS\SYSTEM32\ncrypt.dll
0x00007ff971390000 - 0x00007ff9713cb000 	C:\WINDOWS\SYSTEM32\NTASN1.dll

dbghelp: loaded successfully - version: 4.0.5 - missing functions: none
symbol engine: initialized successfully - sym options: 0x614 - pdb path: .;c:\Users\Family\.vscode\extensions\redhat.java-1.25.1-win32-x64\jre\17.0.9-win32-x86_64\bin;C:\WINDOWS\SYSTEM32;C:\Program Files\Norton Security\NortonData\22.20.2.57\Definitions\IPSDefs\20230815.064;C:\WINDOWS\WinSxS\amd64_microsoft.windows.common-controls_6595b64144ccf1df_6.0.19041.3636_none_60b6a03d71f818d5;c:\Users\Family\.vscode\extensions\redhat.java-1.25.1-win32-x64\jre\17.0.9-win32-x86_64\bin\server;C:\Users\Family\AppData\Roaming\Code\User\globalStorage\redhat.java\1.25.1\config_win\org.eclipse.equinox.launcher\org.eclipse.equinox.launcher.win32.win32.x86_64_1.2.800.v20231003-1442;C:\Users\Family\AppData\Local\Temp\jna-2096973700

VM Arguments:
jvm_args: --add-modules=ALL-SYSTEM --add-opens=java.base/java.util=ALL-UNNAMED --add-opens=java.base/java.lang=ALL-UNNAMED --add-opens=java.base/sun.nio.fs=ALL-UNNAMED -Declipse.application=org.eclipse.jdt.ls.core.id1 -Dosgi.bundles.defaultStartLevel=4 -Declipse.product=org.eclipse.jdt.ls.core.product -Djava.import.generatesMetadataFilesAtProjectRoot=false -DDetectVMInstallationsJob.disabled=true -Dfile.encoding=utf8 -XX:+UseParallelGC -XX:GCTimeRatio=4 -XX:AdaptiveSizePolicyWeight=90 -Dsun.zip.disableMemoryMapping=true -Xmx1G -Xms100m -Xlog:disable -javaagent:c:\Users\Family\.vscode\extensions\redhat.java-1.25.1-win32-x64\lombok\lombok-1.18.30.jar -XX:+HeapDumpOnOutOfMemoryError -XX:HeapDumpPath=c:\Users\Family\AppData\Roaming\Code\User\workspaceStorage\f32b7c70ad0bd504abc5c17fd117a6f1\redhat.java -Daether.dependencyCollector.impl=bf 
java_command: c:\Users\Family\.vscode\extensions\redhat.java-1.25.1-win32-x64\server\plugins\org.eclipse.equinox.launcher_1.6.600.v20231106-1826.jar -configuration c:\Users\Family\AppData\Roaming\Code\User\globalStorage\redhat.java\1.25.1\config_win -data c:\Users\Family\AppData\Roaming\Code\User\workspaceStorage\f32b7c70ad0bd504abc5c17fd117a6f1\redhat.java\jdt_ws --stdio
java_class_path (initial): c:\Users\Family\.vscode\extensions\redhat.java-1.25.1-win32-x64\server\plugins\org.eclipse.equinox.launcher_1.6.600.v20231106-1826.jar
Launcher Type: SUN_STANDARD

[Global flags]
    uintx AdaptiveSizePolicyWeight                 = 90                                        {product} {command line}
     intx CICompilerCount                          = 3                                         {product} {ergonomic}
    uintx GCTimeRatio                              = 4                                         {product} {command line}
     bool HeapDumpOnOutOfMemoryError               = true                                   {manageable} {command line}
    ccstr HeapDumpPath                             = c:\Users\Family\AppData\Roaming\Code\User\workspaceStorage\f32b7c70ad0bd504abc5c17fd117a6f1\redhat.java         {manageable} {command line}
   size_t InitialHeapSize                          = 104857600                                 {product} {command line}
   size_t MaxHeapSize                              = 1073741824                                {product} {command line}
   size_t MaxNewSize                               = 357564416                                 {product} {ergonomic}
   size_t MinHeapDeltaBytes                        = 524288                                    {product} {ergonomic}
   size_t MinHeapSize                              = 104857600                                 {product} {command line}
   size_t NewSize                                  = 34603008                                  {product} {ergonomic}
    uintx NonNMethodCodeHeapSize                   = 5832780                                {pd product} {ergonomic}
    uintx NonProfiledCodeHeapSize                  = 122912730                              {pd product} {ergonomic}
   size_t OldSize                                  = 70254592                                  {product} {ergonomic}
    uintx ProfiledCodeHeapSize                     = 122912730                              {pd product} {ergonomic}
    uintx ReservedCodeCacheSize                    = 251658240                              {pd product} {ergonomic}
     bool SegmentedCodeCache                       = true                                      {product} {ergonomic}
   size_t SoftMaxHeapSize                          = 1073741824                             {manageable} {ergonomic}
     bool UseCompressedClassPointers               = true                           {product lp64_product} {ergonomic}
     bool UseCompressedOops                        = true                           {product lp64_product} {ergonomic}
     bool UseLargePagesIndividualAllocation        = false                                  {pd product} {ergonomic}
     bool UseParallelGC                            = true                                      {product} {command line}

Logging:
Log output configuration:
 #0: stdout all=off uptime,level,tags
 #1: stderr all=off uptime,level,tags

Environment Variables:
PATH=C:\Program Files\Common Files\Oracle\Java\javapath;C:\Program Files (x86)\Common Files\Oracle\Java\javapath;C:\Windows\system32;C:\Windows;C:\Windows\System32\Wbem;C:\Windows\System32\WindowsPowerShell\v1.0\;C:\Windows\System32\OpenSSH\;C:\Program Files (x86)\NVIDIA Corporation\PhysX\Common;C:\Program Files\NVIDIA Corporation\NVIDIA NvDLISR;C:\WINDOWS\system32;C:\WINDOWS;C:\WINDOWS\System32\Wbem;C:\WINDOWS\System32\WindowsPowerShell\v1.0\;C:\WINDOWS\System32\OpenSSH\;C:\Program Files\dotnet\;C:\Program Files\Microsoft SQL Server\150\Tools\Binn\;C:\Program Files\Microsoft SQL Server\Client SDK\ODBC\170\Tools\Binn\;C:\Users\Family\AppData\Local\Programs\Python\Launcher\;C:\Users\Family\AppData\Local\Microsoft\WindowsApps;C:\Users\Family\AppData\Local\Programs\Git\cmd;C:\Users\Family\AppData\Local\Programs\Microsoft VS Code\bin;C:\Users\Family\.dotnet\tools;
USERNAME=Family
OS=Windows_NT
PROCESSOR_IDENTIFIER=Intel64 Family 6 Model 126 Stepping 5, GenuineIntel
TMP=C:\Users\Family\AppData\Local\Temp
TEMP=C:\Users\Family\AppData\Local\Temp



Periodic native trim disabled


---------------  S Y S T E M  ---------------

OS:
 Windows 10 , 64 bit Build 19041 (10.0.19041.3636)
OS uptime: 4 days 7:36 hours

CPU: total 4 (initial active 4) (2 cores per cpu, 2 threads per core) family 6 model 126 stepping 5 microcode 0x86, cx8, cmov, fxsr, ht, mmx, 3dnowpref, sse, sse2, sse3, ssse3, sse4.1, sse4.2, popcnt, lzcnt, tsc, tscinvbit, avx, avx2, aes, erms, clmul, bmi1, bmi2, adx, avx512f, avx512dq, avx512cd, avx512bw, avx512vl, sha, fma, vzeroupper, avx512_vpopcntdq, avx512_vpclmulqdq, avx512_vaes, avx512_vnni, clflush, clflushopt, avx512_vbmi2, avx512_vbmi
Processor Information for all 4 processors :
  Max Mhz: 1190, Current Mhz: 1190, Mhz Limit: 1190

Memory: 4k page, system-wide physical 7969M (2727M free)
TotalPageFile size 9953M (AvailPageFile size 3525M)
current process WorkingSet (physical memory assigned to process): 339M, peak: 339M
current process commit charge ("private bytes"): 373M, peak: 373M

vm_info: OpenJDK 64-Bit Server VM (17.0.9+9) for windows-amd64 JRE (17.0.9+9), built on Oct 26 2023 14:01:42 by "admin" with MS VC++ 16.10 / 16.11 (VS2019)

END.
